app/build/intermediates/manifest_merge_blame_file/debug/manifest-merger-blame-debug-report.txt
1<?xml version="1.0" encoding="utf-8"?>
2<manifest xmlns:android="http://schemas.android.com/apk/res/android"
3    package="com.google.android.gms.samples.vision.barcodereader"
4    android:installLocation="auto"
5    android:versionCode="1"
6    android:versionName="1.0" >
7
8    <uses-sdk
9        android:minSdkVersion="19"
9-->src\main\AndroidManifest.xml
10        android:targetSdkVersion="26" />
10-->src\main\AndroidManifest.xml
11
12    <uses-feature android:name="android.hardware.camera" />
12-->src\main\AndroidManifest.xml:6:5-60
12-->src\main\AndroidManifest.xml:6:19-57
13
14    <uses-permission android:name="android.permission.CAMERA" />
14-->src\main\AndroidManifest.xml:8:5-65
14-->src\main\AndroidManifest.xml:8:22-62
15
16    <uses-permission-sdk-23 android:name="android.permission.WRITE_EXTERNAL_STORAGE" />
16-->src\main\AndroidManifest.xml:10:5-87
16-->src\main\AndroidManifest.xml:10:29-85
17    <uses-permission-sdk-23 android:name="android.permission.READ_EXTERNAL_STORAGE" />
17-->src\main\AndroidManifest.xml:11:5-86
17-->src\main\AndroidManifest.xml:11:29-84
18
19    <!-- Required permission for App measurement to run. -->
20    <uses-permission android:name="android.permission.INTERNET" />
20-->[com.google.firebase:firebase-analytics:15.0.2] AndroidManifest.xml:23:5-67
20-->[com.google.firebase:firebase-analytics:15.0.2] AndroidManifest.xml:23:22-64
21    <uses-permission android:name="android.permission.ACCESS_NETWORK_STATE" />
21-->[com.google.firebase:firebase-analytics:15.0.2] AndroidManifest.xml:24:5-79
21-->[com.google.firebase:firebase-analytics:15.0.2] AndroidManifest.xml:24:22-76
22    <uses-permission android:name="android.permission.WAKE_LOCK" />
22-->[com.google.firebase:firebase-analytics:15.0.2] AndroidManifest.xml:25:5-68
22-->[com.google.firebase:firebase-analytics:15.0.2] AndroidManifest.xml:25:22-65
23    <uses-permission android:name="com.google.android.finsky.permission.BIND_GET_INSTALL_REFERRER_SERVICE" /> <!-- Required by older versions of Google Play services to create IID tokens -->
23-->[com.google.firebase:firebase-analytics:15.0.2] AndroidManifest.xml:26:5-110
23-->[com.google.firebase:firebase-analytics:15.0.2] AndroidManifest.xml:26:22-107
24    <uses-permission android:name="com.google.android.c2dm.permission.RECEIVE" />
24-->[com.google.firebase:firebase-iid:15.1.0] AndroidManifest.xml:26:5-82
24-->[com.google.firebase:firebase-iid:15.1.0] AndroidManifest.xml:26:22-79
25
26    <permission
26-->[com.google.firebase:firebase-iid:15.1.0] AndroidManifest.xml:28:5-30:47
27        android:name="com.google.android.gms.samples.vision.barcodereader.permission.C2D_MESSAGE"
27-->[com.google.firebase:firebase-iid:15.1.0] AndroidManifest.xml:29:9-63
28        android:protectionLevel="signature" />
28-->[com.google.firebase:firebase-iid:15.1.0] AndroidManifest.xml:30:9-44
29
30    <uses-permission android:name="com.google.android.gms.samples.vision.barcodereader.permission.C2D_MESSAGE" />
30-->[com.google.firebase:firebase-iid:15.1.0] AndroidManifest.xml:32:5-79
30-->[com.google.firebase:firebase-iid:15.1.0] AndroidManifest.xml:32:22-76
31    <uses-permission android:name="android.permission.WRITE_EXTERNAL_STORAGE" />
31-->[androidmads.library.qrgenearator:QRGenearator:1.0.3] AndroidManifest.xml:11:5-81
31-->[androidmads.library.qrgenearator:QRGenearator:1.0.3] AndroidManifest.xml:11:22-78
32    <uses-permission android:name="android.permission.READ_EXTERNAL_STORAGE" />
33
34    <application
34-->src\main\AndroidManifest.xml:13:5-52:19
35        android:allowBackup="true"
35-->src\main\AndroidManifest.xml:14:9-35
36        android:debuggable="true"
37        android:fullBackupContent="false"
37-->src\main\AndroidManifest.xml:15:9-42
38        android:hardwareAccelerated="true"
38-->src\main\AndroidManifest.xml:16:9-43
39        android:icon="@drawable/icon"
39-->src\main\AndroidManifest.xml:17:9-38
40        android:label="MultiTrackerApp"
40-->src\main\AndroidManifest.xml:18:9-40
41        android:supportsRtl="true"
41-->src\main\AndroidManifest.xml:19:9-37
42        android:testOnly="true"
43        android:theme="@style/Theme.AppCompat" >
43-->src\main\AndroidManifest.xml:20:9-47
44        <meta-data
44-->src\main\AndroidManifest.xml:21:9-23:69
45            android:name="com.google.android.gms.version"
45-->src\main\AndroidManifest.xml:22:13-58
46            android:value="@integer/google_play_services_version" />
46-->src\main\AndroidManifest.xml:23:13-66
47        <meta-data
47-->src\main\AndroidManifest.xml:24:9-26:39
48            android:name="com.google.android.gms.vision.DEPENDENCIES"
48-->src\main\AndroidManifest.xml:25:13-70
49            android:value="barcode" />
49-->src\main\AndroidManifest.xml:26:13-36
50
51        <activity
51-->src\main\AndroidManifest.xml:28:9-36:20
52            android:name="com.google.android.gms.samples.vision.barcodereader.MainActivity"
52-->src\main\AndroidManifest.xml:29:13-41
53            android:label="@string/title_activity_main" >
53-->src\main\AndroidManifest.xml:30:13-56
54            <intent-filter>
54-->src\main\AndroidManifest.xml:31:13-35:29
55                <action android:name="android.intent.action.MAIN" />
55-->src\main\AndroidManifest.xml:32:17-69
55-->src\main\AndroidManifest.xml:32:25-66
56
57                <category android:name="android.intent.category.LAUNCHER" />
57-->src\main\AndroidManifest.xml:34:17-77
57-->src\main\AndroidManifest.xml:34:27-74
58            </intent-filter>
59        </activity>
60        <activity
60-->src\main\AndroidManifest.xml:38:9-39:43
61            android:name="com.google.android.gms.samples.vision.barcodereader.BarcodeCaptureActivity"
61-->src\main\AndroidManifest.xml:38:19-57
62            android:label="Read Barcode" />
62-->src\main\AndroidManifest.xml:39:13-41
63        <activity
63-->src\main\AndroidManifest.xml:41:9-42:46
64            android:name="com.google.android.gms.samples.vision.barcodereader.DecodedQRActivity"
64-->src\main\AndroidManifest.xml:41:19-52
65            android:label="Read decoded QR" />
65-->src\main\AndroidManifest.xml:42:13-44
66        <activity
66-->src\main\AndroidManifest.xml:44:9-45:47
67            android:name="com.google.android.gms.samples.vision.barcodereader.GenerateQRActivity"
67-->src\main\AndroidManifest.xml:44:19-52
68            android:label="Generate QR code" />
68-->src\main\AndroidManifest.xml:45:13-45
69        <activity
69-->src\main\AndroidManifest.xml:47:9-48:50
70            android:name="com.google.android.gms.samples.vision.barcodereader.SecondActivity"
70-->src\main\AndroidManifest.xml:47:19-48
71            android:label="After you logged in" />
71-->src\main\AndroidManifest.xml:48:13-48
72        <activity
72-->src\main\AndroidManifest.xml:50:9-51:45
73            android:name="com.google.android.gms.samples.vision.barcodereader.SignUpActivity"
73-->src\main\AndroidManifest.xml:50:19-49
74            android:label="Create account" />
74-->src\main\AndroidManifest.xml:51:13-43
75
76        <meta-data
76-->[com.android.support:design:26.1.0] AndroidManifest.xml:26:9-28:38
77            android:name="android.support.VERSION"
77-->[com.android.support:design:26.1.0] AndroidManifest.xml:27:13-51
78            android:value="26.1.0" />
78-->[com.android.support:design:26.1.0] AndroidManifest.xml:28:13-35
79
80        <activity
80-->[com.google.firebase:firebase-auth:16.0.5] AndroidManifest.xml:24:9-31:50
81            android:name="com.google.firebase.auth.internal.FederatedSignInActivity"
81-->[com.google.firebase:firebase-auth:16.0.5] AndroidManifest.xml:25:13-85
82            android:excludeFromRecents="true"
82-->[com.google.firebase:firebase-auth:16.0.5] AndroidManifest.xml:26:13-46
83            android:exported="true"
83-->[com.google.firebase:firebase-auth:16.0.5] AndroidManifest.xml:27:13-36
84            android:launchMode="singleTask"
84-->[com.google.firebase:firebase-auth:16.0.5] AndroidManifest.xml:28:13-44
85            android:permission="com.google.firebase.auth.api.gms.permission.LAUNCH_FEDERATED_SIGN_IN"
85-->[com.google.firebase:firebase-auth:16.0.5] AndroidManifest.xml:29:13-102
86            android:theme="@android:style/Theme.Translucent.NoTitleBar" />
86-->[com.google.firebase:firebase-auth:16.0.5] AndroidManifest.xml:30:13-72
87
88        <service
88-->[com.google.firebase:firebase-auth:16.0.5] AndroidManifest.xml:33:9-39:19
89            android:name="com.google.firebase.components.ComponentDiscoveryService"
89-->[com.google.firebase:firebase-auth:16.0.5] AndroidManifest.xml:34:13-84
90            android:exported="false" >
90-->[com.google.firebase:firebase-auth:16.0.5] AndroidManifest.xml:35:13-37
91            <meta-data
91-->[com.google.firebase:firebase-auth:16.0.5] AndroidManifest.xml:36:13-38:85
92                android:name="com.google.firebase.components:com.google.firebase.auth.FirebaseAuthRegistrar"
92-->[com.google.firebase:firebase-auth:16.0.5] AndroidManifest.xml:37:17-109
93                android:value="com.google.firebase.components.ComponentRegistrar" />
93-->[com.google.firebase:firebase-auth:16.0.5] AndroidManifest.xml:38:17-82
94            <meta-data
94-->[com.google.firebase:firebase-iid:15.1.0] AndroidManifest.xml:36:13-38:85
95                android:name="com.google.firebase.components:com.google.firebase.iid.Registrar"
95-->[com.google.firebase:firebase-iid:15.1.0] AndroidManifest.xml:37:17-96
96                android:value="com.google.firebase.components.ComponentRegistrar" />
96-->[com.google.firebase:firebase-iid:15.1.0] AndroidManifest.xml:38:17-82
97        </service>
98
99        <receiver
99-->[com.google.firebase:firebase-analytics:15.0.2] AndroidManifest.xml:29:9-33:20
100            android:name="com.google.android.gms.measurement.AppMeasurementReceiver"
100-->[com.google.firebase:firebase-analytics:15.0.2] AndroidManifest.xml:30:13-85
101            android:enabled="true"
101-->[com.google.firebase:firebase-analytics:15.0.2] AndroidManifest.xml:31:13-35
102            android:exported="false" >
102-->[com.google.firebase:firebase-analytics:15.0.2] AndroidManifest.xml:32:13-37
103        </receiver>
104        <receiver
104-->[com.google.firebase:firebase-analytics:15.0.2] AndroidManifest.xml:34:9-42:20
105            android:name="com.google.android.gms.measurement.AppMeasurementInstallReferrerReceiver"
105-->[com.google.firebase:firebase-analytics:15.0.2] AndroidManifest.xml:35:13-100
106            android:enabled="true"
106-->[com.google.firebase:firebase-analytics:15.0.2] AndroidManifest.xml:36:13-35
107            android:exported="true"
107-->[com.google.firebase:firebase-analytics:15.0.2] AndroidManifest.xml:37:13-36
108            android:permission="android.permission.INSTALL_PACKAGES" >
108-->[com.google.firebase:firebase-analytics:15.0.2] AndroidManifest.xml:38:13-69
109            <intent-filter>
109-->[com.google.firebase:firebase-analytics:15.0.2] AndroidManifest.xml:39:13-41:29
110                <action android:name="com.android.vending.INSTALL_REFERRER" />
110-->[com.google.firebase:firebase-analytics:15.0.2] AndroidManifest.xml:40:17-79
110-->[com.google.firebase:firebase-analytics:15.0.2] AndroidManifest.xml:40:25-76
111            </intent-filter>
112        </receiver>
113
114        <service
114-->[com.google.firebase:firebase-analytics:15.0.2] AndroidManifest.xml:44:9-47:40
115            android:name="com.google.android.gms.measurement.AppMeasurementService"
115-->[com.google.firebase:firebase-analytics:15.0.2] AndroidManifest.xml:45:13-84
116            android:enabled="true"
116-->[com.google.firebase:firebase-analytics:15.0.2] AndroidManifest.xml:46:13-35
117            android:exported="false" />
117-->[com.google.firebase:firebase-analytics:15.0.2] AndroidManifest.xml:47:13-37
118        <service
118-->[com.google.firebase:firebase-analytics:15.0.2] AndroidManifest.xml:48:9-52:72
119            android:name="com.google.android.gms.measurement.AppMeasurementJobService"
119-->[com.google.firebase:firebase-analytics:15.0.2] AndroidManifest.xml:49:13-87
120            android:enabled="true"
120-->[com.google.firebase:firebase-analytics:15.0.2] AndroidManifest.xml:50:13-35
121            android:exported="false"
121-->[com.google.firebase:firebase-analytics:15.0.2] AndroidManifest.xml:51:13-37
122            android:permission="android.permission.BIND_JOB_SERVICE" />
122-->[com.google.firebase:firebase-analytics:15.0.2] AndroidManifest.xml:52:13-69
123
124        <receiver
124-->[com.google.firebase:firebase-iid:15.1.0] AndroidManifest.xml:41:9-50:20
125            android:name="com.google.firebase.iid.FirebaseInstanceIdReceiver"
125-->[com.google.firebase:firebase-iid:15.1.0] AndroidManifest.xml:42:13-78
126            android:exported="true"
126-->[com.google.firebase:firebase-iid:15.1.0] AndroidManifest.xml:43:13-36
127            android:permission="com.google.android.c2dm.permission.SEND" >
127-->[com.google.firebase:firebase-iid:15.1.0] AndroidManifest.xml:44:13-73
128            <intent-filter>
128-->[com.google.firebase:firebase-iid:15.1.0] AndroidManifest.xml:45:13-49:29
129                <action android:name="com.google.android.c2dm.intent.RECEIVE" />
129-->[com.google.firebase:firebase-iid:15.1.0] AndroidManifest.xml:46:17-81
129-->[com.google.firebase:firebase-iid:15.1.0] AndroidManifest.xml:46:25-78
130
131                <category android:name="com.google.android.gms.samples.vision.barcodereader" />
131-->[com.google.firebase:firebase-iid:15.1.0] AndroidManifest.xml:48:17-61
131-->[com.google.firebase:firebase-iid:15.1.0] AndroidManifest.xml:48:27-58
132            </intent-filter>
133        </receiver>
134        <!--
135             FirebaseInstanceIdService performs security checks at runtime,
136             no need for explicit permissions despite exported="true"
137        -->
138        <service
138-->[com.google.firebase:firebase-iid:15.1.0] AndroidManifest.xml:56:9-62:19
139            android:name="com.google.firebase.iid.FirebaseInstanceIdService"
139-->[com.google.firebase:firebase-iid:15.1.0] AndroidManifest.xml:57:13-77
140            android:exported="true" >
140-->[com.google.firebase:firebase-iid:15.1.0] AndroidManifest.xml:58:13-36
141            <intent-filter android:priority="-500" >
141-->[com.google.firebase:firebase-iid:15.1.0] AndroidManifest.xml:59:13-61:29
141-->[com.google.firebase:firebase-iid:15.1.0] AndroidManifest.xml:59:28-51
142                <action android:name="com.google.firebase.INSTANCE_ID_EVENT" />
142-->[com.google.firebase:firebase-iid:15.1.0] AndroidManifest.xml:60:17-80
142-->[com.google.firebase:firebase-iid:15.1.0] AndroidManifest.xml:60:25-77
143            </intent-filter>
144        </service>
145
146        <activity
146-->[com.google.android.gms:play-services-base:16.0.1] AndroidManifest.xml:23:9-26:75
147            android:name="com.google.android.gms.common.api.GoogleApiActivity"
147-->[com.google.android.gms:play-services-base:16.0.1] AndroidManifest.xml:24:13-79
148            android:exported="false"
148-->[com.google.android.gms:play-services-base:16.0.1] AndroidManifest.xml:25:13-37
149            android:theme="@android:style/Theme.Translucent.NoTitleBar" />
149-->[com.google.android.gms:play-services-base:16.0.1] AndroidManifest.xml:26:13-72
150
151        <provider
151-->[com.google.firebase:firebase-common:16.0.3] AndroidManifest.xml:10:9-14:39
152            android:name="com.google.firebase.provider.FirebaseInitProvider"
152-->[com.google.firebase:firebase-common:16.0.3] AndroidManifest.xml:11:13-77
153            android:authorities="com.google.android.gms.samples.vision.barcodereader.firebaseinitprovider"
153-->[com.google.firebase:firebase-common:16.0.3] AndroidManifest.xml:12:13-72
154            android:exported="false"
154-->[com.google.firebase:firebase-common:16.0.3] AndroidManifest.xml:13:13-37
155            android:initOrder="100" />
155-->[com.google.firebase:firebase-common:16.0.3] AndroidManifest.xml:14:13-36
156    </application>
157
158</manifest>